!SESSION 2024-09-25 17:19:30.693 -----------------------------------------------
eclipse.buildId=4.32.0.20240606-1231
java.version=21.0.3
java.vendor=Eclipse Adoptium
BootLoader constants: OS=win32, ARCH=x86_64, WS=win32, NL=ko_KR
Framework arguments:  -product org.eclipse.epp.package.java.product
Command-line arguments:  -os win32 -ws win32 -arch x86_64 -product org.eclipse.epp.package.java.product

!ENTRY ch.qos.logback.classic 1 0 2024-09-25 17:19:32.167
!MESSAGE Activated before the state location was initialized. Retry after the state location is initialized.

!ENTRY org.eclipse.update.configurator 4 0 2024-09-25 17:19:32.334
!MESSAGE Unable to find feature.xml in directory: D:\국비\web0900_cdu\4.Spirng\full-stack\Spring\util\eclipse\features\org.eclipse.datatools.common.doc.user_1.15.0.202311071249

!ENTRY org.eclipse.update.configurator 4 0 2024-09-25 17:19:32.335
!MESSAGE Unable to find feature.xml in directory: D:\국비\web0900_cdu\4.Spirng\full-stack\Spring\util\eclipse\features\org.eclipse.datatools.connectivity.doc.user_1.15.0.202311071249

!ENTRY org.eclipse.update.configurator 4 0 2024-09-25 17:19:32.335
!MESSAGE Unable to find feature.xml in directory: D:\국비\web0900_cdu\4.Spirng\full-stack\Spring\util\eclipse\features\org.eclipse.datatools.connectivity.feature_1.16.0.202311071345

!ENTRY org.eclipse.update.configurator 4 0 2024-09-25 17:19:32.336
!MESSAGE Unable to find feature.xml in directory: D:\국비\web0900_cdu\4.Spirng\full-stack\Spring\util\eclipse\features\org.eclipse.datatools.connectivity.oda.designer.core.feature_1.16.0.202311071345

!ENTRY org.eclipse.update.configurator 4 0 2024-09-25 17:19:32.336
!MESSAGE Unable to find feature.xml in directory: D:\국비\web0900_cdu\4.Spirng\full-stack\Spring\util\eclipse\features\org.eclipse.datatools.connectivity.oda.designer.feature_1.15.0.202311071249

!ENTRY org.eclipse.update.configurator 4 0 2024-09-25 17:19:32.336
!MESSAGE Unable to find feature.xml in directory: D:\국비\web0900_cdu\4.Spirng\full-stack\Spring\util\eclipse\features\org.eclipse.datatools.connectivity.oda.feature_1.15.0.202311071249

!ENTRY org.eclipse.update.configurator 4 0 2024-09-25 17:19:32.336
!MESSAGE Unable to find feature.xml in directory: D:\국비\web0900_cdu\4.Spirng\full-stack\Spring\util\eclipse\features\org.eclipse.datatools.doc.user_1.16.0.202311071249

!ENTRY org.eclipse.update.configurator 4 0 2024-09-25 17:19:32.336
!MESSAGE Unable to find feature.xml in directory: D:\국비\web0900_cdu\4.Spirng\full-stack\Spring\util\eclipse\features\org.eclipse.datatools.enablement.apache.derby.feature_1.15.0.202311071249

!ENTRY org.eclipse.update.configurator 4 0 2024-09-25 17:19:32.336
!MESSAGE Unable to find feature.xml in directory: D:\국비\web0900_cdu\4.Spirng\full-stack\Spring\util\eclipse\features\org.eclipse.datatools.enablement.feature_1.15.0.202311071249

!ENTRY org.eclipse.update.configurator 4 0 2024-09-25 17:19:32.337
!MESSAGE Unable to find feature.xml in directory: D:\국비\web0900_cdu\4.Spirng\full-stack\Spring\util\eclipse\features\org.eclipse.datatools.enablement.hsqldb.feature_1.15.0.202311071249

!ENTRY org.eclipse.update.configurator 4 0 2024-09-25 17:19:32.337
!MESSAGE Unable to find feature.xml in directory: D:\국비\web0900_cdu\4.Spirng\full-stack\Spring\util\eclipse\features\org.eclipse.datatools.enablement.ibm.feature_1.15.0.202311071249

!ENTRY org.eclipse.update.configurator 4 0 2024-09-25 17:19:32.337
!MESSAGE Unable to find feature.xml in directory: D:\국비\web0900_cdu\4.Spirng\full-stack\Spring\util\eclipse\features\org.eclipse.datatools.enablement.ingres.feature_1.15.0.202311071249

!ENTRY org.eclipse.update.configurator 4 0 2024-09-25 17:19:32.337
!MESSAGE Unable to find feature.xml in directory: D:\국비\web0900_cdu\4.Spirng\full-stack\Spring\util\eclipse\features\org.eclipse.datatools.enablement.jdbc.feature_1.15.0.202311071249

!ENTRY org.eclipse.update.configurator 4 0 2024-09-25 17:19:32.337
!MESSAGE Unable to find feature.xml in directory: D:\국비\web0900_cdu\4.Spirng\full-stack\Spring\util\eclipse\features\org.eclipse.datatools.enablement.jdt.feature_1.15.0.202311071249

!ENTRY org.eclipse.update.configurator 4 0 2024-09-25 17:19:32.338
!MESSAGE Unable to find feature.xml in directory: D:\국비\web0900_cdu\4.Spirng\full-stack\Spring\util\eclipse\features\org.eclipse.datatools.enablement.msft.feature_1.16.0.202311071307

!ENTRY org.eclipse.update.configurator 4 0 2024-09-25 17:19:32.338
!MESSAGE Unable to find feature.xml in directory: D:\국비\web0900_cdu\4.Spirng\full-stack\Spring\util\eclipse\features\org.eclipse.datatools.enablement.mysql.feature_1.15.0.202311071249

!ENTRY org.eclipse.update.configurator 4 0 2024-09-25 17:19:32.338
!MESSAGE Unable to find feature.xml in directory: D:\국비\web0900_cdu\4.Spirng\full-stack\Spring\util\eclipse\features\org.eclipse.datatools.enablement.oda.designer.feature_1.15.0.202311071249

!ENTRY org.eclipse.update.configurator 4 0 2024-09-25 17:19:32.338
!MESSAGE Unable to find feature.xml in directory: D:\국비\web0900_cdu\4.Spirng\full-stack\Spring\util\eclipse\features\org.eclipse.datatools.enablement.oda.feature_1.15.0.202311071249

!ENTRY org.eclipse.update.configurator 4 0 2024-09-25 17:19:32.338
!MESSAGE Unable to find feature.xml in directory: D:\국비\web0900_cdu\4.Spirng\full-stack\Spring\util\eclipse\features\org.eclipse.datatools.enablement.oracle.feature_1.15.0.202311071249

!ENTRY org.eclipse.update.configurator 4 0 2024-09-25 17:19:32.339
!MESSAGE Unable to find feature.xml in directory: D:\국비\web0900_cdu\4.Spirng\full-stack\Spring\util\eclipse\features\org.eclipse.datatools.enablement.postgresql.feature_1.15.0.202311071249

!ENTRY org.eclipse.update.configurator 4 0 2024-09-25 17:19:32.339
!MESSAGE Unable to find feature.xml in directory: D:\국비\web0900_cdu\4.Spirng\full-stack\Spring\util\eclipse\features\org.eclipse.datatools.enablement.sap.feature_1.15.0.202311071249

!ENTRY org.eclipse.update.configurator 4 0 2024-09-25 17:19:32.339
!MESSAGE Unable to find feature.xml in directory: D:\국비\web0900_cdu\4.Spirng\full-stack\Spring\util\eclipse\features\org.eclipse.datatools.enablement.sdk.feature_1.15.0.202311071249

!ENTRY org.eclipse.update.configurator 4 0 2024-09-25 17:19:32.339
!MESSAGE Unable to find feature.xml in directory: D:\국비\web0900_cdu\4.Spirng\full-stack\Spring\util\eclipse\features\org.eclipse.datatools.enablement.sqlite.feature_1.15.0.202311071249

!ENTRY org.eclipse.update.configurator 4 0 2024-09-25 17:19:32.339
!MESSAGE Unable to find feature.xml in directory: D:\국비\web0900_cdu\4.Spirng\full-stack\Spring\util\eclipse\features\org.eclipse.datatools.enablement.sybase.feature_1.15.0.202311071249

!ENTRY org.eclipse.update.configurator 4 0 2024-09-25 17:19:32.339
!MESSAGE Unable to find feature.xml in directory: D:\국비\web0900_cdu\4.Spirng\full-stack\Spring\util\eclipse\features\org.eclipse.datatools.intro_1.15.0.202311071249

!ENTRY org.eclipse.update.configurator 4 0 2024-09-25 17:19:32.340
!MESSAGE Unable to find feature.xml in directory: D:\국비\web0900_cdu\4.Spirng\full-stack\Spring\util\eclipse\features\org.eclipse.datatools.modelbase.feature_1.15.0.202311071249

!ENTRY org.eclipse.update.configurator 4 0 2024-09-25 17:19:32.340
!MESSAGE Unable to find feature.xml in directory: D:\국비\web0900_cdu\4.Spirng\full-stack\Spring\util\eclipse\features\org.eclipse.datatools.sdk.feature_1.16.1.202403060734

!ENTRY org.eclipse.update.configurator 4 0 2024-09-25 17:19:32.340
!MESSAGE Unable to find feature.xml in directory: D:\국비\web0900_cdu\4.Spirng\full-stack\Spring\util\eclipse\features\org.eclipse.datatools.sqldevtools.data.feature_1.15.0.202311071249

!ENTRY org.eclipse.update.configurator 4 0 2024-09-25 17:19:32.340
!MESSAGE Unable to find feature.xml in directory: D:\국비\web0900_cdu\4.Spirng\full-stack\Spring\util\eclipse\features\org.eclipse.datatools.sqldevtools.ddl.feature_1.15.0.202311071249

!ENTRY org.eclipse.update.configurator 4 0 2024-09-25 17:19:32.340
!MESSAGE Unable to find feature.xml in directory: D:\국비\web0900_cdu\4.Spirng\full-stack\Spring\util\eclipse\features\org.eclipse.datatools.sqldevtools.ddlgen.feature_1.16.0.202403060703

!ENTRY org.eclipse.update.configurator 4 0 2024-09-25 17:19:32.341
!MESSAGE Unable to find feature.xml in directory: D:\국비\web0900_cdu\4.Spirng\full-stack\Spring\util\eclipse\features\org.eclipse.datatools.sqldevtools.feature_1.16.0.202403060703

!ENTRY org.eclipse.update.configurator 4 0 2024-09-25 17:19:32.341
!MESSAGE Unable to find feature.xml in directory: D:\국비\web0900_cdu\4.Spirng\full-stack\Spring\util\eclipse\features\org.eclipse.datatools.sqldevtools.parsers.feature_1.16.0.202311071638

!ENTRY org.eclipse.update.configurator 4 0 2024-09-25 17:19:32.341
!MESSAGE Unable to find feature.xml in directory: D:\국비\web0900_cdu\4.Spirng\full-stack\Spring\util\eclipse\features\org.eclipse.datatools.sqldevtools.results.feature_1.15.0.202311071249

!ENTRY org.eclipse.update.configurator 4 0 2024-09-25 17:19:32.341
!MESSAGE Unable to find feature.xml in directory: D:\국비\web0900_cdu\4.Spirng\full-stack\Spring\util\eclipse\features\org.eclipse.datatools.sqldevtools.schemaobjecteditor.feature_1.15.0.202311071249

!ENTRY org.eclipse.update.configurator 4 0 2024-09-25 17:19:32.341
!MESSAGE Unable to find feature.xml in directory: D:\국비\web0900_cdu\4.Spirng\full-stack\Spring\util\eclipse\features\org.eclipse.datatools.sqldevtools.sqlbuilder.feature_1.16.0.202403060703

!ENTRY org.eclipse.update.configurator 4 0 2024-09-25 17:19:32.342
!MESSAGE Unable to find feature.xml in directory: D:\국비\web0900_cdu\4.Spirng\full-stack\Spring\util\eclipse\features\org.eclipse.datatools.sqltools.doc.user_1.15.0.202311071249

!ENTRY org.eclipse.update.configurator 4 0 2024-09-25 17:19:32.342
!MESSAGE Unable to find feature.xml in directory: D:\국비\web0900_cdu\4.Spirng\full-stack\Spring\util\eclipse\features\org.eclipse.draw2d_3.20.0.202405290843

!ENTRY org.eclipse.update.configurator 4 0 2024-09-25 17:19:32.342
!MESSAGE Unable to find feature.xml in directory: D:\국비\web0900_cdu\4.Spirng\full-stack\Spring\util\eclipse\features\org.eclipse.emf.codegen.ecore.ui_2.38.0.v20240314-1003

!ENTRY org.eclipse.update.configurator 4 0 2024-09-25 17:19:32.342
!MESSAGE Unable to find feature.xml in directory: D:\국비\web0900_cdu\4.Spirng\full-stack\Spring\util\eclipse\features\org.eclipse.emf.codegen.ecore_2.38.0.v20240314-1003

!ENTRY org.eclipse.update.configurator 4 0 2024-09-25 17:19:32.342
!MESSAGE Unable to find feature.xml in directory: D:\국비\web0900_cdu\4.Spirng\full-stack\Spring\util\eclipse\features\org.eclipse.emf.codegen.ui_2.25.0.v20230211-1150

!ENTRY org.eclipse.update.configurator 4 0 2024-09-25 17:19:32.342
!MESSAGE Unable to find feature.xml in directory: D:\국비\web0900_cdu\4.Spirng\full-stack\Spring\util\eclipse\features\org.eclipse.emf.codegen_2.24.0.v20230211-1150

!ENTRY org.eclipse.update.configurator 4 0 2024-09-25 17:19:32.343
!MESSAGE Unable to find feature.xml in directory: D:\국비\web0900_cdu\4.Spirng\full-stack\Spring\util\eclipse\features\org.eclipse.emf.common.ui_2.21.0.v20231002-1020

!ENTRY org.eclipse.update.configurator 4 0 2024-09-25 17:19:32.343
!MESSAGE Unable to find feature.xml in directory: D:\국비\web0900_cdu\4.Spirng\full-stack\Spring\util\eclipse\features\org.eclipse.emf.converter_2.20.0.v20240203-0859

!ENTRY org.eclipse.update.configurator 4 0 2024-09-25 17:19:32.343
!MESSAGE Unable to find feature.xml in directory: D:\국비\web0900_cdu\4.Spirng\full-stack\Spring\util\eclipse\features\org.eclipse.emf.databinding.edit_1.11.0.v20231208-1346

!ENTRY org.eclipse.update.configurator 4 0 2024-09-25 17:19:32.343
!MESSAGE Unable to find feature.xml in directory: D:\국비\web0900_cdu\4.Spirng\full-stack\Spring\util\eclipse\features\org.eclipse.emf.databinding_1.11.0.v20231208-1346

!ENTRY org.eclipse.update.configurator 4 0 2024-09-25 17:19:32.343
!MESSAGE Unable to find feature.xml in directory: D:\국비\web0900_cdu\4.Spirng\full-stack\Spring\util\eclipse\features\org.eclipse.emf.ecore.editor_2.19.0.v20230224-1122

!ENTRY org.eclipse.update.configurator 4 0 2024-09-25 17:19:32.343
!MESSAGE Unable to find feature.xml in directory: D:\국비\web0900_cdu\4.Spirng\full-stack\Spring\util\eclipse\features\org.eclipse.emf.ecore.edit_2.16.0.v20230211-1150

!ENTRY org.eclipse.update.configurator 4 0 2024-09-25 17:19:32.344
!MESSAGE Unable to find feature.xml in directory: D:\국비\web0900_cdu\4.Spirng\full-stack\Spring\util\eclipse\features\org.eclipse.emf.edit.ui_2.25.0.v20230211-1150

!ENTRY org.eclipse.update.configurator 4 0 2024-09-25 17:19:32.344
!MESSAGE Unable to find feature.xml in directory: D:\국비\web0900_cdu\4.Spirng\full-stack\Spring\util\eclipse\features\org.eclipse.emf.edit_2.22.0.v20231208-1346

!ENTRY org.eclipse.update.configurator 4 0 2024-09-25 17:19:32.344
!MESSAGE Unable to find feature.xml in directory: D:\국비\web0900_cdu\4.Spirng\full-stack\Spring\util\eclipse\features\org.eclipse.emf.mapping.ecore.editor_2.16.0.v20230211-1150

!ENTRY org.eclipse.update.configurator 4 0 2024-09-25 17:19:32.344
!MESSAGE Unable to find feature.xml in directory: D:\국비\web0900_cdu\4.Spirng\full-stack\Spring\util\eclipse\features\org.eclipse.emf.mapping.ecore_2.14.0.v20230211-1150

!ENTRY org.eclipse.update.configurator 4 0 2024-09-25 17:19:32.344
!MESSAGE Unable to find feature.xml in directory: D:\국비\web0900_cdu\4.Spirng\full-stack\Spring\util\eclipse\features\org.eclipse.emf.mapping.ui_2.15.0.v20230211-1150

!ENTRY org.eclipse.update.configurator 4 0 2024-09-25 17:19:32.345
!MESSAGE Unable to find feature.xml in directory: D:\국비\web0900_cdu\4.Spirng\full-stack\Spring\util\eclipse\features\org.eclipse.emf.mapping_2.15.0.v20230211-1150

!ENTRY org.eclipse.update.configurator 4 0 2024-09-25 17:19:32.345
!MESSAGE Unable to find feature.xml in directory: D:\국비\web0900_cdu\4.Spirng\full-stack\Spring\util\eclipse\features\org.eclipse.emf_2.38.0.v20240314-1003

!ENTRY org.eclipse.update.configurator 4 0 2024-09-25 17:19:32.345
!MESSAGE Unable to find feature.xml in directory: D:\국비\web0900_cdu\4.Spirng\full-stack\Spring\util\eclipse\features\org.eclipse.epp.package.jee.feature_4.32.0.20240606-0749

!ENTRY org.eclipse.update.configurator 4 0 2024-09-25 17:19:32.345
!MESSAGE Unable to find feature.xml in directory: D:\국비\web0900_cdu\4.Spirng\full-stack\Spring\util\eclipse\features\org.eclipse.gef_3.20.0.202405290843

!ENTRY org.eclipse.update.configurator 4 0 2024-09-25 17:19:32.345
!MESSAGE Unable to find feature.xml in directory: D:\국비\web0900_cdu\4.Spirng\full-stack\Spring\util\eclipse\features\org.eclipse.jpt.common.eclipselink.feature_1.3.400.v202404202240

!ENTRY org.eclipse.update.configurator 4 0 2024-09-25 17:19:32.346
!MESSAGE Unable to find feature.xml in directory: D:\국비\web0900_cdu\4.Spirng\full-stack\Spring\util\eclipse\features\org.eclipse.jpt.common.feature_1.5.200.v202308172102

!ENTRY org.eclipse.update.configurator 4 0 2024-09-25 17:19:32.346
!MESSAGE Unable to find feature.xml in directory: D:\국비\web0900_cdu\4.Spirng\full-stack\Spring\util\eclipse\features\org.eclipse.jpt.jaxb.eclipselink.feature_1.4.203.v202104080213

!ENTRY org.eclipse.update.configurator 4 0 2024-09-25 17:19:32.346
!MESSAGE Unable to find feature.xml in directory: D:\국비\web0900_cdu\4.Spirng\full-stack\Spring\util\eclipse\features\org.eclipse.jpt.jaxb.feature_1.5.201.v202301061019

!ENTRY org.eclipse.update.configurator 4 0 2024-09-25 17:19:32.346
!MESSAGE Unable to find feature.xml in directory: D:\국비\web0900_cdu\4.Spirng\full-stack\Spring\util\eclipse\features\org.eclipse.jpt.jpa.eclipselink.feature_3.4.101.v202308172102

!ENTRY org.eclipse.update.configurator 4 0 2024-09-25 17:19:32.346
!MESSAGE Unable to find feature.xml in directory: D:\국비\web0900_cdu\4.Spirng\full-stack\Spring\util\eclipse\features\org.eclipse.jpt.jpa.feature_3.8.0.v202405180120

!ENTRY org.eclipse.update.configurator 4 0 2024-09-25 17:19:32.346
!MESSAGE Unable to find feature.xml in directory: D:\국비\web0900_cdu\4.Spirng\full-stack\Spring\util\eclipse\features\org.eclipse.jsf.feature_3.13.1.v202405122333

!ENTRY org.eclipse.update.configurator 4 0 2024-09-25 17:19:32.346
!MESSAGE Unable to find feature.xml in directory: D:\국비\web0900_cdu\4.Spirng\full-stack\Spring\util\eclipse\features\org.eclipse.jst.common.fproj.enablement.jdt_3.30.0.v202405122323

!ENTRY org.eclipse.update.configurator 4 0 2024-09-25 17:19:32.346
!MESSAGE Unable to find feature.xml in directory: D:\국비\web0900_cdu\4.Spirng\full-stack\Spring\util\eclipse\features\org.eclipse.jst.enterprise_core.feature_3.34.0.v202405180419

!ENTRY org.eclipse.update.configurator 4 0 2024-09-25 17:19:32.346
!MESSAGE Unable to find feature.xml in directory: D:\국비\web0900_cdu\4.Spirng\full-stack\Spring\util\eclipse\features\org.eclipse.jst.enterprise_ui.feature_3.34.0.v202403140324

!ENTRY org.eclipse.update.configurator 4 0 2024-09-25 17:19:32.347
!MESSAGE Unable to find feature.xml in directory: D:\국비\web0900_cdu\4.Spirng\full-stack\Spring\util\eclipse\features\org.eclipse.jst.enterprise_userdoc.feature_3.23.0.v202309190220

!ENTRY org.eclipse.update.configurator 4 0 2024-09-25 17:19:32.347
!MESSAGE Unable to find feature.xml in directory: D:\국비\web0900_cdu\4.Spirng\full-stack\Spring\util\eclipse\features\org.eclipse.jst.jsf.apache.trinidad.tagsupport.feature_2.8.0.v202307262303

!ENTRY org.eclipse.update.configurator 4 0 2024-09-25 17:19:32.347
!MESSAGE Unable to find feature.xml in directory: D:\국비\web0900_cdu\4.Spirng\full-stack\Spring\util\eclipse\features\org.eclipse.jst.server_adapters.ext.feature_3.4.1000.v202405180431

!ENTRY org.eclipse.update.configurator 4 0 2024-09-25 17:19:32.347
!MESSAGE Unable to find feature.xml in directory: D:\국비\web0900_cdu\4.Spirng\full-stack\Spring\util\eclipse\features\org.eclipse.jst.server_adapters.feature_3.34.0.v202405180407

!ENTRY org.eclipse.update.configurator 4 0 2024-09-25 17:19:32.347
!MESSAGE Unable to find feature.xml in directory: D:\국비\web0900_cdu\4.Spirng\full-stack\Spring\util\eclipse\features\org.eclipse.jst.server_core.feature_3.4.700.v202405180431

!ENTRY org.eclipse.update.configurator 4 0 2024-09-25 17:19:32.347
!MESSAGE Unable to find feature.xml in directory: D:\국비\web0900_cdu\4.Spirng\full-stack\Spring\util\eclipse\features\org.eclipse.jst.server_ui.feature_3.4.500.v202401292331

!ENTRY org.eclipse.update.configurator 4 0 2024-09-25 17:19:32.348
!MESSAGE Unable to find feature.xml in directory: D:\국비\web0900_cdu\4.Spirng\full-stack\Spring\util\eclipse\features\org.eclipse.jst.server_userdoc.feature_3.3.300.v201901310132

!ENTRY org.eclipse.update.configurator 4 0 2024-09-25 17:19:32.348
!MESSAGE Unable to find feature.xml in directory: D:\국비\web0900_cdu\4.Spirng\full-stack\Spring\util\eclipse\features\org.eclipse.jst.webpageeditor.feature_2.12.0.v202405181236

!ENTRY org.eclipse.update.configurator 4 0 2024-09-25 17:19:32.348
!MESSAGE Unable to find feature.xml in directory: D:\국비\web0900_cdu\4.Spirng\full-stack\Spring\util\eclipse\features\org.eclipse.jst.web_core.feature_3.34.0.v202405180419

!ENTRY org.eclipse.update.configurator 4 0 2024-09-25 17:19:32.348
!MESSAGE Unable to find feature.xml in directory: D:\국비\web0900_cdu\4.Spirng\full-stack\Spring\util\eclipse\features\org.eclipse.jst.web_js_support.feature_3.32.0.v202309190220

!ENTRY org.eclipse.update.configurator 4 0 2024-09-25 17:19:32.348
!MESSAGE Unable to find feature.xml in directory: D:\국비\web0900_cdu\4.Spirng\full-stack\Spring\util\eclipse\features\org.eclipse.jst.web_ui.feature_3.34.0.v202405180419

!ENTRY org.eclipse.update.configurator 4 0 2024-09-25 17:19:32.349
!MESSAGE Unable to find feature.xml in directory: D:\국비\web0900_cdu\4.Spirng\full-stack\Spring\util\eclipse\features\org.eclipse.jst.web_userdoc.feature_3.6.1.v202309190220

!ENTRY org.eclipse.update.configurator 4 0 2024-09-25 17:19:32.349
!MESSAGE Unable to find feature.xml in directory: D:\국비\web0900_cdu\4.Spirng\full-stack\Spring\util\eclipse\features\org.eclipse.jst.ws.axis2tools.feature_1.2.0.v202405180419

!ENTRY org.eclipse.update.configurator 4 0 2024-09-25 17:19:32.349
!MESSAGE Unable to find feature.xml in directory: D:\국비\web0900_cdu\4.Spirng\full-stack\Spring\util\eclipse\features\org.eclipse.jst.ws.cxf.feature_1.1.1200.v202311232240

!ENTRY org.eclipse.update.configurator 4 0 2024-09-25 17:19:32.349
!MESSAGE Unable to find feature.xml in directory: D:\국비\web0900_cdu\4.Spirng\full-stack\Spring\util\eclipse\features\org.eclipse.jst.ws.jaxws.dom.feature_1.0.600.v202308010354

!ENTRY org.eclipse.update.configurator 4 0 2024-09-25 17:19:32.349
!MESSAGE Unable to find feature.xml in directory: D:\국비\web0900_cdu\4.Spirng\full-stack\Spring\util\eclipse\features\org.eclipse.jst.ws.jaxws.feature_1.2.1000.v202311280000

!ENTRY org.eclipse.update.configurator 4 0 2024-09-25 17:19:32.349
!MESSAGE Unable to find feature.xml in directory: D:\국비\web0900_cdu\4.Spirng\full-stack\Spring\util\eclipse\features\org.eclipse.jst.ws.jaxws_userdoc.feature_1.0.403.v201909051708

!ENTRY org.eclipse.update.configurator 4 0 2024-09-25 17:19:32.350
!MESSAGE Unable to find feature.xml in directory: D:\국비\web0900_cdu\4.Spirng\full-stack\Spring\util\eclipse\features\org.eclipse.m2e.pde.feature_2.3.2.20240411-1122

!ENTRY org.eclipse.update.configurator 4 0 2024-09-25 17:19:32.350
!MESSAGE Unable to find feature.xml in directory: D:\국비\web0900_cdu\4.Spirng\full-stack\Spring\util\eclipse\features\org.eclipse.m2e.wtp.feature_1.6.1.20231024-1618

!ENTRY org.eclipse.update.configurator 4 0 2024-09-25 17:19:32.350
!MESSAGE Unable to find feature.xml in directory: D:\국비\web0900_cdu\4.Spirng\full-stack\Spring\util\eclipse\features\org.eclipse.m2e.wtp.jaxrs.feature_1.6.1.20231024-1618

!ENTRY org.eclipse.update.configurator 4 0 2024-09-25 17:19:32.350
!MESSAGE Unable to find feature.xml in directory: D:\국비\web0900_cdu\4.Spirng\full-stack\Spring\util\eclipse\features\org.eclipse.m2e.wtp.jpa.feature_1.6.1.20231024-1618

!ENTRY org.eclipse.update.configurator 4 0 2024-09-25 17:19:32.350
!MESSAGE Unable to find feature.xml in directory: D:\국비\web0900_cdu\4.Spirng\full-stack\Spring\util\eclipse\features\org.eclipse.m2e.wtp.jsf.feature_1.6.1.20231024-1618

!ENTRY org.eclipse.update.configurator 4 0 2024-09-25 17:19:32.351
!MESSAGE Unable to find feature.xml in directory: D:\국비\web0900_cdu\4.Spirng\full-stack\Spring\util\eclipse\features\org.eclipse.mylyn.pde.feature_4.3.0.v20240509-0539

!ENTRY org.eclipse.update.configurator 4 0 2024-09-25 17:19:32.351
!MESSAGE Unable to find feature.xml in directory: D:\국비\web0900_cdu\4.Spirng\full-stack\Spring\util\eclipse\features\org.eclipse.pde_3.15.400.v20240601-0610

!ENTRY org.eclipse.update.configurator 4 0 2024-09-25 17:19:32.351
!MESSAGE Unable to find feature.xml in directory: D:\국비\web0900_cdu\4.Spirng\full-stack\Spring\util\eclipse\features\org.eclipse.wildwebdeveloper.embedder.node.feature_1.1.2.202405271237

!ENTRY org.eclipse.update.configurator 4 0 2024-09-25 17:19:32.351
!MESSAGE Unable to find feature.xml in directory: D:\국비\web0900_cdu\4.Spirng\full-stack\Spring\util\eclipse\features\org.eclipse.wildwebdeveloper.feature_1.3.6.202405280856

!ENTRY org.eclipse.update.configurator 4 0 2024-09-25 17:19:32.352
!MESSAGE Unable to find feature.xml in directory: D:\국비\web0900_cdu\4.Spirng\full-stack\Spring\util\eclipse\features\org.eclipse.wst.common.fproj_3.7.4.v202308161955

!ENTRY org.eclipse.update.configurator 4 0 2024-09-25 17:19:32.352
!MESSAGE Unable to find feature.xml in directory: D:\국비\web0900_cdu\4.Spirng\full-stack\Spring\util\eclipse\features\org.eclipse.wst.common_core.feature_3.31.0.v202405122323

!ENTRY org.eclipse.update.configurator 4 0 2024-09-25 17:19:32.352
!MESSAGE Unable to find feature.xml in directory: D:\국비\web0900_cdu\4.Spirng\full-stack\Spring\util\eclipse\features\org.eclipse.wst.common_ui.feature_3.34.0.v202405020134

!ENTRY org.eclipse.update.configurator 4 0 2024-09-25 17:19:32.352
!MESSAGE Unable to find feature.xml in directory: D:\국비\web0900_cdu\4.Spirng\full-stack\Spring\util\eclipse\features\org.eclipse.wst.server_adapters.feature_3.34.0.v202405181536

!ENTRY org.eclipse.update.configurator 4 0 2024-09-25 17:19:32.352
!MESSAGE Unable to find feature.xml in directory: D:\국비\web0900_cdu\4.Spirng\full-stack\Spring\util\eclipse\features\org.eclipse.wst.ws_core.feature_3.31.0.v202308021509

!ENTRY org.eclipse.update.configurator 4 0 2024-09-25 17:19:32.353
!MESSAGE Unable to find feature.xml in directory: D:\국비\web0900_cdu\4.Spirng\full-stack\Spring\util\eclipse\features\org.eclipse.wst.ws_ui.feature_3.31.0.v202308010326

!ENTRY org.eclipse.update.configurator 4 0 2024-09-25 17:19:32.353
!MESSAGE Unable to find feature.xml in directory: D:\국비\web0900_cdu\4.Spirng\full-stack\Spring\util\eclipse\features\org.eclipse.wst.ws_userdoc.feature_3.1.501.v201909051708

!ENTRY org.eclipse.update.configurator 4 0 2024-09-25 17:19:32.353
!MESSAGE Unable to find feature.xml in directory: D:\국비\web0900_cdu\4.Spirng\full-stack\Spring\util\eclipse\features\org.eclipse.wst.xml.xpath2.processor.feature_2.1.0.v202307260822

!ENTRY org.eclipse.update.configurator 4 0 2024-09-25 17:19:32.353
!MESSAGE Unable to find feature.xml in directory: D:\국비\web0900_cdu\4.Spirng\full-stack\Spring\util\eclipse\features\org.eclipse.wst.xml_core.feature_3.34.0.v202405130132

!ENTRY org.eclipse.update.configurator 4 0 2024-09-25 17:19:32.353
!MESSAGE Unable to find feature.xml in directory: D:\국비\web0900_cdu\4.Spirng\full-stack\Spring\util\eclipse\features\org.eclipse.wst.xml_ui.feature_3.34.0.v202404170147

!ENTRY org.eclipse.update.configurator 4 0 2024-09-25 17:19:32.354
!MESSAGE Unable to find feature.xml in directory: D:\국비\web0900_cdu\4.Spirng\full-stack\Spring\util\eclipse\features\org.eclipse.wst.xml_userdoc.feature_3.18.0.v202004271556

!ENTRY org.eclipse.update.configurator 4 0 2024-09-25 17:19:32.354
!MESSAGE Unable to find feature.xml in directory: D:\국비\web0900_cdu\4.Spirng\full-stack\Spring\util\eclipse\features\org.eclipse.wst.xsl.feature_1.3.1600.v202405130119
